<?xml version="1.0" encoding="UTF-8"?>
<!-- Generated by org.testng.reporters.JUnitReportReporter -->
<testsuite skipped="0" hostname="Gowtham-PL" name="com.ecommerce.tests.PlaceOrderTest" tests="1" failures="0" timestamp="2023-06-16T20:46:53 IST" time="34.723" errors="0">
  <testcase name="checkOut" time="34.723" classname="com.ecommerce.tests.PlaceOrderTest"/>
  <system-out/>
</testsuite> <!-- com.ecommerce.tests.PlaceOrderTest -->
